<?xml version="1.0" encoding="UTF-8"?>
<testsuite name="mytest.LoginTest" tests="1" skipped="0" failures="0" errors="0" timestamp="2024-05-19T14:13:39" hostname="e6087c384835" time="43.288">
  <properties/>
  <testcase name="testLogin" classname="mytest.LoginTest" time="43.288"/>
  <system-out><![CDATA[Auth Token: eyJhbGciOiJkaXIiLCJlbmMiOiJBMjU2R0NNIn0..xC4YLyZpLlkz_ktW.o2uGlciahM6rtI8psMazJe1pxIkNHa8gYsoExud15mABeIPYl4lEZZRnb9151ZCmTdpNVQNVaN-yuZZ5WTqVQSLnaO5M5C-hcTAsjVqD3bQeyCkycHPgOZxLi7bTJNZalTzkkXDlUEQiMeTKYk4.TgfrI0Bfyl9DxHXN6FJyhg
Logged out successfully and redirected to login page.
Failed to log in with status message text: Your username or password is invalid!
]]></system-out>
  <system-err><![CDATA[May 19, 2024 4:13:39 PM org.openqa.selenium.remote.RemoteWebDriver checkNonW3CCapabilities
WARNING: Support for Legacy Capabilities is deprecated; You are sending the following invalid capabilities: [marionette]; Please update to W3C Syntax: https://www.selenium.dev/blog/2022/legacy-protocol-support/
May 19, 2024 4:14:01 PM org.openqa.selenium.remote.ProtocolHandshake createSession
INFO: Detected upstream dialect: W3C
May 19, 2024 4:14:01 PM org.openqa.selenium.remote.ProtocolHandshake createSession
WARNING: Support for Legacy Capabilities is deprecated; You are sending the following invalid capabilities: [marionette]; Please update to W3C Syntax: https://www.selenium.dev/blog/2022/legacy-protocol-support/
]]></system-err>
</testsuite>
