<?xml version="1.0" encoding="UTF-8"?>
<testsuite name="mytest.AddBlogsTest" tests="1" skipped="0" failures="0" errors="0" timestamp="2024-05-19T14:10:35" hostname="e6087c384835" time="52.453">
  <properties/>
  <testcase name="testAddBlog" classname="mytest.AddBlogsTest" time="52.453"/>
  <system-out><![CDATA[Current working directory: /home/selenium/tests/.
Image file path: /home/selenium/tests/src/test/resources/images/blog.jpeg
Image file exists: true
]]></system-out>
  <system-err><![CDATA[May 19, 2024 4:10:35 PM org.openqa.selenium.remote.RemoteWebDriver checkNonW3CCapabilities
WARNING: Support for Legacy Capabilities is deprecated; You are sending the following invalid capabilities: [marionette]; Please update to W3C Syntax: https://www.selenium.dev/blog/2022/legacy-protocol-support/
May 19, 2024 4:10:55 PM org.openqa.selenium.remote.ProtocolHandshake createSession
INFO: Detected upstream dialect: W3C
May 19, 2024 4:10:55 PM org.openqa.selenium.remote.ProtocolHandshake createSession
WARNING: Support for Legacy Capabilities is deprecated; You are sending the following invalid capabilities: [marionette]; Please update to W3C Syntax: https://www.selenium.dev/blog/2022/legacy-protocol-support/
]]></system-err>
</testsuite>
